0 info it worked if it ends with ok
1 verbose cli [ '/usr/bin/nodejs',
1 verbose cli   '/usr/bin/npm',
1 verbose cli   'install',
1 verbose cli   'passport-local-mongoose' ]
2 info using npm@3.6.0
3 info using node@v5.7.0
4 silly loadCurrentTree Starting
5 silly install loadCurrentTree
6 silly install readLocalPackageData
7 silly fetchPackageMetaData passport-local-mongoose
8 silly fetchNamedPackageData passport-local-mongoose
9 silly mapToRegistry name passport-local-mongoose
10 silly mapToRegistry using default registry
11 silly mapToRegistry registry https://registry.npmjs.org/
12 silly mapToRegistry uri https://registry.npmjs.org/passport-local-mongoose
13 verbose request uri https://registry.npmjs.org/passport-local-mongoose
14 verbose request no auth needed
15 info attempt registry request try #1 at 8:24:29 PM
16 verbose request id 40b65f2f7794aed4
17 verbose etag "C8QK3013F6YAWT6KRNQRTE2YI"
18 http request GET https://registry.npmjs.org/passport-local-mongoose
19 http 200 https://registry.npmjs.org/passport-local-mongoose
20 verbose headers { server: 'CouchDB/1.5.0 (Erlang OTP/R16B03)',
20 verbose headers   etag: '"E0NTSADCRXCYMXJ9DWJKM0V9N"',
20 verbose headers   'content-type': 'application/json',
20 verbose headers   'cache-control': 'max-age=300',
20 verbose headers   'content-length': '35844',
20 verbose headers   'accept-ranges': 'bytes',
20 verbose headers   date: 'Fri, 04 Mar 2016 01:24:30 GMT',
20 verbose headers   via: '1.1 varnish',
20 verbose headers   age: '0',
20 verbose headers   connection: 'keep-alive',
20 verbose headers   'x-served-by': 'cache-iad2143-IAD',
20 verbose headers   'x-cache': 'HIT',
20 verbose headers   'x-cache-hits': '1',
20 verbose headers   'x-timer': 'S1457054669.705319,VS0,VE403',
20 verbose headers   vary: 'Accept' }
21 silly get cb [ 200,
21 silly get   { server: 'CouchDB/1.5.0 (Erlang OTP/R16B03)',
21 silly get     etag: '"E0NTSADCRXCYMXJ9DWJKM0V9N"',
21 silly get     'content-type': 'application/json',
21 silly get     'cache-control': 'max-age=300',
21 silly get     'content-length': '35844',
21 silly get     'accept-ranges': 'bytes',
21 silly get     date: 'Fri, 04 Mar 2016 01:24:30 GMT',
21 silly get     via: '1.1 varnish',
21 silly get     age: '0',
21 silly get     connection: 'keep-alive',
21 silly get     'x-served-by': 'cache-iad2143-IAD',
21 silly get     'x-cache': 'HIT',
21 silly get     'x-cache-hits': '1',
21 silly get     'x-timer': 'S1457054669.705319,VS0,VE403',
21 silly get     vary: 'Accept' } ]
22 verbose get saving passport-local-mongoose to /home/erictempleton/.npm/registry.npmjs.org/passport-local-mongoose/.cache.json
23 verbose correctMkdir /home/erictempleton/.npm correctMkdir not in flight; initializing
24 silly install normalizeTree
25 silly loadCurrentTree Finishing
26 silly loadIdealTree Starting
27 silly install loadIdealTree
28 silly cloneCurrentTree Starting
29 silly install cloneCurrentTreeToIdealTree
30 silly cloneCurrentTree Finishing
31 silly loadShrinkwrap Starting
32 silly install loadShrinkwrap
33 silly loadShrinkwrap Finishing
34 silly loadAllDepsIntoIdealTree Starting
35 silly install loadAllDepsIntoIdealTree
36 silly resolveWithNewModule passport-local-mongoose@4.0.0 checking installable status
37 silly cache add args [ 'passport-local-mongoose', null ]
38 verbose cache add spec passport-local-mongoose
39 silly cache add parsed spec Result {
39 silly cache add   raw: 'passport-local-mongoose',
39 silly cache add   scope: null,
39 silly cache add   name: 'passport-local-mongoose',
39 silly cache add   rawSpec: '',
39 silly cache add   spec: 'latest',
39 silly cache add   type: 'tag' }
40 silly addNamed passport-local-mongoose@latest
41 verbose addNamed "latest" is being treated as a dist-tag for passport-local-mongoose
42 info addNameTag [ 'passport-local-mongoose', 'latest' ]
43 silly mapToRegistry name passport-local-mongoose
44 silly mapToRegistry using default registry
45 silly mapToRegistry registry https://registry.npmjs.org/
46 silly mapToRegistry uri https://registry.npmjs.org/passport-local-mongoose
47 verbose addNameTag registry:https://registry.npmjs.org/passport-local-mongoose not in flight; fetching
48 verbose get https://registry.npmjs.org/passport-local-mongoose not expired, no request
49 silly addNameTag next cb for passport-local-mongoose with tag latest
50 silly addNamed passport-local-mongoose@4.0.0
51 verbose addNamed "4.0.0" is a plain semver version for passport-local-mongoose
52 silly mapToRegistry name passport-local-mongoose
53 silly mapToRegistry using default registry
54 silly mapToRegistry registry https://registry.npmjs.org/
55 silly mapToRegistry uri https://registry.npmjs.org/passport-local-mongoose
56 verbose addRemoteTarball https://registry.npmjs.org/passport-local-mongoose/-/passport-local-mongoose-4.0.0.tgz not in flight; adding
57 verbose addRemoteTarball [ 'https://registry.npmjs.org/passport-local-mongoose/-/passport-local-mongoose-4.0.0.tgz',
57 verbose addRemoteTarball   '10fee927eaf9785bb2e10e2a8c446a0ff1fa0107' ]
58 info retry fetch attempt 1 at 8:24:30 PM
59 info attempt registry request try #1 at 8:24:30 PM
60 http fetch GET https://registry.npmjs.org/passport-local-mongoose/-/passport-local-mongoose-4.0.0.tgz
61 http fetch 200 https://registry.npmjs.org/passport-local-mongoose/-/passport-local-mongoose-4.0.0.tgz
62 silly fetchAndShaCheck shasum 10fee927eaf9785bb2e10e2a8c446a0ff1fa0107
63 verbose addTmpTarball /tmp/npm-9586-91efb208/registry.npmjs.org/passport-local-mongoose/-/passport-local-mongoose-4.0.0.tgz not in flight; adding
64 verbose addTmpTarball already have metadata; skipping unpack for passport-local-mongoose@4.0.0
65 verbose correctMkdir /home/erictempleton/.npm correctMkdir not in flight; initializing
66 silly cache afterAdd passport-local-mongoose@4.0.0
67 verbose afterAdd /home/erictempleton/.npm/passport-local-mongoose/4.0.0/package/package.json not in flight; writing
68 verbose correctMkdir /home/erictempleton/.npm correctMkdir not in flight; initializing
69 verbose afterAdd /home/erictempleton/.npm/passport-local-mongoose/4.0.0/package/package.json written
70 silly fetchNamedPackageData generaterr
71 silly mapToRegistry name generaterr
72 silly mapToRegistry using default registry
73 silly mapToRegistry registry https://registry.npmjs.org/
74 silly mapToRegistry uri https://registry.npmjs.org/generaterr
75 silly fetchNamedPackageData scmp
76 silly mapToRegistry name scmp
77 silly mapToRegistry using default registry
78 silly mapToRegistry registry https://registry.npmjs.org/
79 silly mapToRegistry uri https://registry.npmjs.org/scmp
80 verbose request uri https://registry.npmjs.org/generaterr
81 verbose request no auth needed
82 info attempt registry request try #1 at 8:24:30 PM
83 http request GET https://registry.npmjs.org/generaterr
84 verbose request uri https://registry.npmjs.org/scmp
85 verbose request no auth needed
86 info attempt registry request try #1 at 8:24:30 PM
87 http request GET https://registry.npmjs.org/scmp
88 http 200 https://registry.npmjs.org/scmp
89 verbose headers { server: 'CouchDB/1.5.0 (Erlang OTP/R16B03)',
89 verbose headers   etag: '"4463RXTZ7E82E4GY6IUSZZ5UT"',
89 verbose headers   'content-type': 'application/json',
89 verbose headers   'cache-control': 'max-age=300',
89 verbose headers   'content-length': '4813',
89 verbose headers   'accept-ranges': 'bytes',
89 verbose headers   date: 'Fri, 04 Mar 2016 01:24:31 GMT',
89 verbose headers   via: '1.1 varnish',
89 verbose headers   age: '285',
89 verbose headers   connection: 'keep-alive',
89 verbose headers   'x-served-by': 'cache-jfk1030-JFK',
89 verbose headers   'x-cache': 'HIT',
89 verbose headers   'x-cache-hits': '3',
89 verbose headers   'x-timer': 'S1457054671.165335,VS0,VE0',
89 verbose headers   vary: 'Accept' }
90 silly get cb [ 200,
90 silly get   { server: 'CouchDB/1.5.0 (Erlang OTP/R16B03)',
90 silly get     etag: '"4463RXTZ7E82E4GY6IUSZZ5UT"',
90 silly get     'content-type': 'application/json',
90 silly get     'cache-control': 'max-age=300',
90 silly get     'content-length': '4813',
90 silly get     'accept-ranges': 'bytes',
90 silly get     date: 'Fri, 04 Mar 2016 01:24:31 GMT',
90 silly get     via: '1.1 varnish',
90 silly get     age: '285',
90 silly get     connection: 'keep-alive',
90 silly get     'x-served-by': 'cache-jfk1030-JFK',
90 silly get     'x-cache': 'HIT',
90 silly get     'x-cache-hits': '3',
90 silly get     'x-timer': 'S1457054671.165335,VS0,VE0',
90 silly get     vary: 'Accept' } ]
91 verbose get saving scmp to /home/erictempleton/.npm/registry.npmjs.org/scmp/.cache.json
92 verbose correctMkdir /home/erictempleton/.npm correctMkdir not in flight; initializing
93 silly resolveWithNewModule scmp@1.0.0 checking installable status
94 silly cache add args [ 'scmp@^1.0.0', null ]
95 verbose cache add spec scmp@^1.0.0
96 silly cache add parsed spec Result {
96 silly cache add   raw: 'scmp@^1.0.0',
96 silly cache add   scope: null,
96 silly cache add   name: 'scmp',
96 silly cache add   rawSpec: '^1.0.0',
96 silly cache add   spec: '>=1.0.0 <2.0.0',
96 silly cache add   type: 'range' }
97 silly addNamed scmp@>=1.0.0 <2.0.0
98 verbose addNamed ">=1.0.0 <2.0.0" is a valid semver range for scmp
99 silly addNameRange { name: 'scmp', range: '>=1.0.0 <2.0.0', hasData: false }
100 silly mapToRegistry name scmp
101 silly mapToRegistry using default registry
102 silly mapToRegistry registry https://registry.npmjs.org/
103 silly mapToRegistry uri https://registry.npmjs.org/scmp
104 verbose addNameRange registry:https://registry.npmjs.org/scmp not in flight; fetching
105 verbose get https://registry.npmjs.org/scmp not expired, no request
106 silly addNameRange number 2 { name: 'scmp', range: '>=1.0.0 <2.0.0', hasData: true }
107 silly addNameRange versions [ 'scmp', [ '0.0.1', '0.0.2', '0.0.3', '1.0.0' ] ]
108 silly addNamed scmp@1.0.0
109 verbose addNamed "1.0.0" is a plain semver version for scmp
110 silly mapToRegistry name scmp
111 silly mapToRegistry using default registry
112 silly mapToRegistry registry https://registry.npmjs.org/
113 silly mapToRegistry uri https://registry.npmjs.org/scmp
114 verbose addRemoteTarball https://registry.npmjs.org/scmp/-/scmp-1.0.0.tgz not in flight; adding
115 verbose addRemoteTarball [ 'https://registry.npmjs.org/scmp/-/scmp-1.0.0.tgz',
115 verbose addRemoteTarball   'a0b272c3fc7292f77115646f00618b0262514e04' ]
116 info retry fetch attempt 1 at 8:24:31 PM
117 info attempt registry request try #1 at 8:24:31 PM
118 http fetch GET https://registry.npmjs.org/scmp/-/scmp-1.0.0.tgz
119 http fetch 200 https://registry.npmjs.org/scmp/-/scmp-1.0.0.tgz
120 silly fetchAndShaCheck shasum a0b272c3fc7292f77115646f00618b0262514e04
121 verbose addTmpTarball /tmp/npm-9586-91efb208/registry.npmjs.org/scmp/-/scmp-1.0.0.tgz not in flight; adding
122 verbose addTmpTarball already have metadata; skipping unpack for scmp@1.0.0
123 verbose correctMkdir /home/erictempleton/.npm correctMkdir not in flight; initializing
124 silly cache afterAdd scmp@1.0.0
125 verbose afterAdd /home/erictempleton/.npm/scmp/1.0.0/package/package.json not in flight; writing
126 verbose correctMkdir /home/erictempleton/.npm correctMkdir not in flight; initializing
127 verbose afterAdd /home/erictempleton/.npm/scmp/1.0.0/package/package.json written
128 http 200 https://registry.npmjs.org/generaterr
129 verbose headers { server: 'CouchDB/1.5.0 (Erlang OTP/R16B03)',
129 verbose headers   etag: '"98AQDNQXCFIUPI4BNKWSPKIBY"',
129 verbose headers   'content-type': 'application/json',
129 verbose headers   'cache-control': 'max-age=300',
129 verbose headers   'content-length': '9615',
129 verbose headers   'accept-ranges': 'bytes',
129 verbose headers   date: 'Fri, 04 Mar 2016 01:24:31 GMT',
129 verbose headers   via: '1.1 varnish',
129 verbose headers   age: '0',
129 verbose headers   connection: 'keep-alive',
129 verbose headers   'x-served-by': 'cache-jfk1036-JFK',
129 verbose headers   'x-cache': 'MISS',
129 verbose headers   'x-cache-hits': '0',
129 verbose headers   'x-timer': 'S1457054671.168587,VS0,VE381',
129 verbose headers   vary: 'Accept' }
130 silly get cb [ 200,
130 silly get   { server: 'CouchDB/1.5.0 (Erlang OTP/R16B03)',
130 silly get     etag: '"98AQDNQXCFIUPI4BNKWSPKIBY"',
130 silly get     'content-type': 'application/json',
130 silly get     'cache-control': 'max-age=300',
130 silly get     'content-length': '9615',
130 silly get     'accept-ranges': 'bytes',
130 silly get     date: 'Fri, 04 Mar 2016 01:24:31 GMT',
130 silly get     via: '1.1 varnish',
130 silly get     age: '0',
130 silly get     connection: 'keep-alive',
130 silly get     'x-served-by': 'cache-jfk1036-JFK',
130 silly get     'x-cache': 'MISS',
130 silly get     'x-cache-hits': '0',
130 silly get     'x-timer': 'S1457054671.168587,VS0,VE381',
130 silly get     vary: 'Accept' } ]
131 verbose get saving generaterr to /home/erictempleton/.npm/registry.npmjs.org/generaterr/.cache.json
132 verbose correctMkdir /home/erictempleton/.npm correctMkdir not in flight; initializing
133 silly resolveWithNewModule generaterr@1.3.0 checking installable status
134 silly cache add args [ 'generaterr@^1.2.0', null ]
135 verbose cache add spec generaterr@^1.2.0
136 silly cache add parsed spec Result {
136 silly cache add   raw: 'generaterr@^1.2.0',
136 silly cache add   scope: null,
136 silly cache add   name: 'generaterr',
136 silly cache add   rawSpec: '^1.2.0',
136 silly cache add   spec: '>=1.2.0 <2.0.0',
136 silly cache add   type: 'range' }
137 silly addNamed generaterr@>=1.2.0 <2.0.0
138 verbose addNamed ">=1.2.0 <2.0.0" is a valid semver range for generaterr
139 silly addNameRange { name: 'generaterr', range: '>=1.2.0 <2.0.0', hasData: false }
140 silly mapToRegistry name generaterr
141 silly mapToRegistry using default registry
142 silly mapToRegistry registry https://registry.npmjs.org/
143 silly mapToRegistry uri https://registry.npmjs.org/generaterr
144 verbose addNameRange registry:https://registry.npmjs.org/generaterr not in flight; fetching
145 verbose get https://registry.npmjs.org/generaterr not expired, no request
146 silly addNameRange number 2 { name: 'generaterr', range: '>=1.2.0 <2.0.0', hasData: true }
147 silly addNameRange versions [ 'generaterr',
147 silly addNameRange   [ '1.0.0', '1.1.0', '1.1.1', '1.1.2', '1.2.0', '1.3.0' ] ]
148 silly addNamed generaterr@1.3.0
149 verbose addNamed "1.3.0" is a plain semver version for generaterr
150 silly mapToRegistry name generaterr
151 silly mapToRegistry using default registry
152 silly mapToRegistry registry https://registry.npmjs.org/
153 silly mapToRegistry uri https://registry.npmjs.org/generaterr
154 verbose addRemoteTarball https://registry.npmjs.org/generaterr/-/generaterr-1.3.0.tgz not in flight; adding
155 verbose addRemoteTarball [ 'https://registry.npmjs.org/generaterr/-/generaterr-1.3.0.tgz',
155 verbose addRemoteTarball   '77a64dd7eb9154f4bffa3a4f70482cccbd81f807' ]
156 info retry fetch attempt 1 at 8:24:31 PM
157 info attempt registry request try #1 at 8:24:31 PM
158 http fetch GET https://registry.npmjs.org/generaterr/-/generaterr-1.3.0.tgz
159 http fetch 200 https://registry.npmjs.org/generaterr/-/generaterr-1.3.0.tgz
160 silly fetchAndShaCheck shasum 77a64dd7eb9154f4bffa3a4f70482cccbd81f807
161 verbose addTmpTarball /tmp/npm-9586-91efb208/registry.npmjs.org/generaterr/-/generaterr-1.3.0.tgz not in flight; adding
162 verbose addTmpTarball already have metadata; skipping unpack for generaterr@1.3.0
163 verbose correctMkdir /home/erictempleton/.npm correctMkdir not in flight; initializing
164 silly cache afterAdd generaterr@1.3.0
165 verbose afterAdd /home/erictempleton/.npm/generaterr/1.3.0/package/package.json not in flight; writing
166 verbose correctMkdir /home/erictempleton/.npm correctMkdir not in flight; initializing
167 verbose afterAdd /home/erictempleton/.npm/generaterr/1.3.0/package/package.json written
168 silly fetchNamedPackageData lodash
169 silly mapToRegistry name lodash
170 silly mapToRegistry using default registry
171 silly mapToRegistry registry https://registry.npmjs.org/
172 silly mapToRegistry uri https://registry.npmjs.org/lodash
173 verbose request uri https://registry.npmjs.org/lodash
174 verbose request no auth needed
175 info attempt registry request try #1 at 8:24:31 PM
176 verbose etag "DHD1FQ6IG489XALHD4W379C24"
177 http request GET https://registry.npmjs.org/lodash
178 http 200 https://registry.npmjs.org/lodash
179 verbose headers { server: 'CouchDB/1.5.0 (Erlang OTP/R16B03)',
179 verbose headers   etag: '"F4MF8K7I4VYBRIHI24W61HHVH"',
179 verbose headers   'content-type': 'application/json',
179 verbose headers   'cache-control': 'max-age=300',
179 verbose headers   'content-length': '123879',
179 verbose headers   'accept-ranges': 'bytes',
179 verbose headers   date: 'Fri, 04 Mar 2016 01:24:31 GMT',
179 verbose headers   via: '1.1 varnish',
179 verbose headers   age: '29',
179 verbose headers   connection: 'keep-alive',
179 verbose headers   'x-served-by': 'cache-atl6242-ATL',
179 verbose headers   'x-cache': 'HIT',
179 verbose headers   'x-cache-hits': '1',
179 verbose headers   'x-timer': 'S1457054671.905399,VS0,VE0',
179 verbose headers   vary: 'Accept' }
180 silly get cb [ 200,
180 silly get   { server: 'CouchDB/1.5.0 (Erlang OTP/R16B03)',
180 silly get     etag: '"F4MF8K7I4VYBRIHI24W61HHVH"',
180 silly get     'content-type': 'application/json',
180 silly get     'cache-control': 'max-age=300',
180 silly get     'content-length': '123879',
180 silly get     'accept-ranges': 'bytes',
180 silly get     date: 'Fri, 04 Mar 2016 01:24:31 GMT',
180 silly get     via: '1.1 varnish',
180 silly get     age: '29',
180 silly get     connection: 'keep-alive',
180 silly get     'x-served-by': 'cache-atl6242-ATL',
180 silly get     'x-cache': 'HIT',
180 silly get     'x-cache-hits': '1',
180 silly get     'x-timer': 'S1457054671.905399,VS0,VE0',
180 silly get     vary: 'Accept' } ]
181 verbose get saving lodash to /home/erictempleton/.npm/registry.npmjs.org/lodash/.cache.json
182 verbose correctMkdir /home/erictempleton/.npm correctMkdir not in flight; initializing
183 silly resolveWithNewModule lodash@4.6.1 checking installable status
184 silly cache add args [ 'lodash@^4.0.1', null ]
185 verbose cache add spec lodash@^4.0.1
186 silly cache add parsed spec Result {
186 silly cache add   raw: 'lodash@^4.0.1',
186 silly cache add   scope: null,
186 silly cache add   name: 'lodash',
186 silly cache add   rawSpec: '^4.0.1',
186 silly cache add   spec: '>=4.0.1 <5.0.0',
186 silly cache add   type: 'range' }
187 silly addNamed lodash@>=4.0.1 <5.0.0
188 verbose addNamed ">=4.0.1 <5.0.0" is a valid semver range for lodash
189 silly addNameRange { name: 'lodash', range: '>=4.0.1 <5.0.0', hasData: false }
190 silly mapToRegistry name lodash
191 silly mapToRegistry using default registry
192 silly mapToRegistry registry https://registry.npmjs.org/
193 silly mapToRegistry uri https://registry.npmjs.org/lodash
194 verbose addNameRange registry:https://registry.npmjs.org/lodash not in flight; fetching
195 verbose get https://registry.npmjs.org/lodash not expired, no request
196 silly addNameRange number 2 { name: 'lodash', range: '>=4.0.1 <5.0.0', hasData: true }
197 silly addNameRange versions [ 'lodash',
197 silly addNameRange   [ '0.1.0',
197 silly addNameRange     '0.2.0',
197 silly addNameRange     '0.2.1',
197 silly addNameRange     '0.2.2',
197 silly addNameRange     '0.3.0',
197 silly addNameRange     '0.3.1',
197 silly addNameRange     '0.3.2',
197 silly addNameRange     '0.4.0',
197 silly addNameRange     '0.4.1',
197 silly addNameRange     '0.4.2',
197 silly addNameRange     '0.5.0-rc.1',
197 silly addNameRange     '0.5.0',
197 silly addNameRange     '0.5.1',
197 silly addNameRange     '0.5.2',
197 silly addNameRange     '0.6.0',
197 silly addNameRange     '0.6.1',
197 silly addNameRange     '0.7.0',
197 silly addNameRange     '0.8.0',
197 silly addNameRange     '0.8.1',
197 silly addNameRange     '0.8.2',
197 silly addNameRange     '0.9.0',
197 silly addNameRange     '0.9.1',
197 silly addNameRange     '0.9.2',
197 silly addNameRange     '0.10.0',
197 silly addNameRange     '1.0.0-rc.1',
197 silly addNameRange     '1.0.0-rc.2',
197 silly addNameRange     '1.0.0-rc.3',
197 silly addNameRange     '1.0.0',
197 silly addNameRange     '1.0.1',
197 silly addNameRange     '1.1.0',
197 silly addNameRange     '1.1.1',
197 silly addNameRange     '1.2.0',
197 silly addNameRange     '1.2.1',
197 silly addNameRange     '1.3.0',
197 silly addNameRange     '1.3.1',
197 silly addNameRange     '2.0.0',
197 silly addNameRange     '2.1.0',
197 silly addNameRange     '2.2.0',
197 silly addNameRange     '2.2.1',
197 silly addNameRange     '2.3.0',
197 silly addNameRange     '2.4.0',
197 silly addNameRange     '2.4.1',
197 silly addNameRange     '3.0.0',
197 silly addNameRange     '3.0.1',
197 silly addNameRange     '3.1.0',
197 silly addNameRange     '3.2.0',
197 silly addNameRange     '3.3.0',
197 silly addNameRange     '3.3.1',
197 silly addNameRange     '3.4.0',
197 silly addNameRange     '3.5.0',
197 silly addNameRange     '3.6.0',
197 silly addNameRange     '1.0.2',
197 silly addNameRange     '3.7.0',
197 silly addNameRange     '2.4.2',
197 silly addNameRange     '3.8.0',
197 silly addNameRange     '3.9.0',
197 silly addNameRange     '3.9.1',
197 silly addNameRange     '3.9.2',
197 silly addNameRange     '3.9.3',
197 silly addNameRange     '3.10.0',
197 silly addNameRange     '3.10.1',
197 silly addNameRange     '4.0.0',
197 silly addNameRange     '4.0.1',
197 silly addNameRange     '4.1.0',
197 silly addNameRange     '4.2.0',
197 silly addNameRange     '4.2.1',
197 silly addNameRange     '4.3.0',
197 silly addNameRange     '4.4.0',
197 silly addNameRange     '4.5.0',
197 silly addNameRange     '4.5.1',
197 silly addNameRange     '4.6.0',
197 silly addNameRange     '4.6.1' ] ]
198 silly addNamed lodash@4.6.1
199 verbose addNamed "4.6.1" is a plain semver version for lodash
200 silly mapToRegistry name lodash
201 silly mapToRegistry using default registry
202 silly mapToRegistry registry https://registry.npmjs.org/
203 silly mapToRegistry uri https://registry.npmjs.org/lodash
204 verbose addRemoteTarball https://registry.npmjs.org/lodash/-/lodash-4.6.1.tgz not in flight; adding
205 verbose addRemoteTarball [ 'https://registry.npmjs.org/lodash/-/lodash-4.6.1.tgz',
205 verbose addRemoteTarball   'df00c1164ad236b183cfc3887a5e8d38cc63cbbc' ]
206 info retry fetch attempt 1 at 8:24:31 PM
207 info attempt registry request try #1 at 8:24:31 PM
208 http fetch GET https://registry.npmjs.org/lodash/-/lodash-4.6.1.tgz
209 http fetch 200 https://registry.npmjs.org/lodash/-/lodash-4.6.1.tgz
210 silly fetchAndShaCheck shasum df00c1164ad236b183cfc3887a5e8d38cc63cbbc
211 verbose addTmpTarball /tmp/npm-9586-91efb208/registry.npmjs.org/lodash/-/lodash-4.6.1.tgz not in flight; adding
212 verbose addTmpTarball already have metadata; skipping unpack for lodash@4.6.1
213 verbose correctMkdir /home/erictempleton/.npm correctMkdir not in flight; initializing
214 silly rollbackFailedOptional Starting
215 silly rollbackFailedOptional Finishing
216 silly runTopLevelLifecycles Starting
217 silly runTopLevelLifecycles Finishing
218 silly install printInstalled
219 verbose stack Error: EACCES: permission denied, mkdir '/home/erictempleton/.npm/lodash/4.6.1'
219 verbose stack     at Error (native)
220 verbose cwd /home/erictempleton/Documents/tab_portal/models
221 error Linux 3.10.18
222 error argv "/usr/bin/nodejs" "/usr/bin/npm" "install" "passport-local-mongoose"
223 error node v5.7.0
224 error npm  v3.6.0
225 error path /home/erictempleton/.npm/lodash/4.6.1
226 error code EACCES
227 error errno -13
228 error syscall mkdir
229 error Error: EACCES: permission denied, mkdir '/home/erictempleton/.npm/lodash/4.6.1'
229 error     at Error (native)
229 error  { [Error: EACCES: permission denied, mkdir '/home/erictempleton/.npm/lodash/4.6.1']
229 error   errno: -13,
229 error   code: 'EACCES',
229 error   syscall: 'mkdir',
229 error   path: '/home/erictempleton/.npm/lodash/4.6.1',
229 error   parent: 'generaterr' }
230 error Please try running this command again as root/Administrator.
231 verbose exit [ -13, true ]
